<?xml version="1.0" encoding="UTF-8"?>
<!-- Generated by org.testng.reporters.JUnitReportReporter -->
<testsuite hostname="DESKTOP-LB7O1B4" failures="0" tests="1" name="mypack02.Testcase03" time="27.290" errors="0" timestamp="2019-11-26T22:34:40 IST" skipped="0">
  <testcase classname="mypack02.Testcase03" name="testCase03" time="27.290"/>
</testsuite> <!-- mypack02.Testcase03 -->
