<?xml version="1.0" encoding="UTF-8"?>
<!-- Generated by org.testng.reporters.JUnitReportReporter -->
<testsuite hostname="DESKTOP-LB7O1B4" failures="0" tests="1" name="myPack01.testcae03" time="36.631" errors="0" timestamp="2019-11-23T16:10:53 IST" skipped="0">
  <testcase classname="myPack01.testcae03" name="testCase02" time="36.631"/>
</testsuite> <!-- myPack01.testcae03 -->
