<?xml version="1.0" encoding="UTF-8"?>
<!-- Generated by org.testng.reporters.JUnitReportReporter -->
<testsuite hostname="DESKTOP-LB7O1B4" failures="0" tests="1" name="personaltest.TestCalender" time="40.965" errors="0" timestamp="2019-11-30T10:25:45 IST" skipped="0">
  <testcase classname="personaltest.TestCalender" name="calander" time="40.965"/>
</testsuite> <!-- personaltest.TestCalender -->
