<?xml version="1.0" encoding="UTF-8"?>
<!-- Generated by org.testng.reporters.JUnitReportReporter -->
<testsuite hostname="DESKTOP-LB7O1B4" failures="0" tests="1" name="mypack02.Testcase04" time="45.244" errors="0" timestamp="2019-12-01T13:17:50 IST" skipped="0">
  <testcase classname="mypack02.Testcase04" name="testCase04" time="45.244"/>
</testsuite> <!-- mypack02.Testcase04 -->
