<?xml version="1.0" encoding="UTF-8"?>
<!-- Generated by org.testng.reporters.JUnitReportReporter -->
<testsuite hostname="DESKTOP-LB7O1B4" failures="0" tests="1" name="myPack01.Test_google" time="5.802" errors="0" timestamp="2019-11-24T14:34:36 IST" skipped="0">
  <testcase classname="myPack01.Test_google" name="TestGoole" time="5.802"/>
</testsuite> <!-- myPack01.Test_google -->
