<?xml version="1.0" encoding="UTF-8"?>
<!-- Generated by org.testng.reporters.JUnitReportReporter -->
<testsuite hostname="DESKTOP-LB7O1B4" failures="0" tests="1" name="personaltest.TestAction" time="15.673" errors="0" timestamp="2019-11-29T17:15:20 IST" skipped="0">
  <testcase classname="personaltest.TestAction" name="loginpage" time="15.673"/>
</testsuite> <!-- personaltest.TestAction -->
