<?xml version="1.0" encoding="UTF-8"?>
<!-- Generated by org.testng.reporters.JUnitReportReporter -->
<testsuite hostname="DESKTOP-LB7O1B4" failures="0" tests="1" name="myPack01.Testcase01" time="31.233" errors="0" timestamp="2019-11-17T12:46:13 IST" skipped="0">
  <testcase classname="myPack01.Testcase01" name="testfacebookRegistration" time="31.233"/>
</testsuite> <!-- myPack01.Testcase01 -->
