<?xml version="1.0" encoding="UTF-8"?>
<!-- Generated by org.testng.reporters.JUnitReportReporter -->
<testsuite hostname="DESKTOP-LB7O1B4" failures="0" tests="2" name="myPack01.rough" time="47.594" errors="0" timestamp="2019-11-21T21:56:08 IST" skipped="0">
  <testcase classname="myPack01.rough" name="testCase02" time="27.228"/>
  <testcase classname="myPack01.rough" name="toCity" time="20.366"/>
</testsuite> <!-- myPack01.rough -->
