<?xml version="1.0" encoding="UTF-8"?>
<!-- Generated by org.testng.reporters.JUnitReportReporter -->
<testsuite hostname="DESKTOP-LB7O1B4" failures="0" tests="1" name="personaltest.Recruterinnaukri" time="21.918" errors="0" timestamp="2019-11-29T21:49:59 IST" skipped="0">
  <testcase classname="personaltest.Recruterinnaukri" name="recruitment" time="21.918"/>
</testsuite> <!-- personaltest.Recruterinnaukri -->
